{
  "stats": {
    "suites": 1,
    "tests": 1,
    "passes": 1,
    "pending": 0,
    "failures": 0,
    "start": "2022-04-15T15:19:20.666Z",
    "end": "2022-04-15T15:19:59.385Z",
    "duration": 38719,
    "testsRegistered": 1,
    "passPercent": 100,
    "pendingPercent": 0,
    "other": 0,
    "hasOther": false,
    "skipped": 0,
    "hasSkipped": false
  },
  "results": [
    {
      "uuid": "93784f61-7502-441b-a6f2-6263e466c15b",
      "title": "",
      "fullFile": "cypress/integration/SetupData/Matrix.js",
      "file": "cypress/integration/SetupData/Matrix.js",
      "beforeHooks": [],
      "afterHooks": [],
      "tests": [],
      "suites": [
        {
          "uuid": "cf04848f-4be8-4b67-b08b-89a93d3d72bc",
          "title": "Setup Data - Matrix Test Suite",
          "fullFile": "",
          "file": "",
          "beforeHooks": [],
          "afterHooks": [],
          "tests": [
            {
              "title": "TC19 - Verify the UI of the Matrix Details page",
              "fullTitle": "Setup Data - Matrix Test Suite TC19 - Verify the UI of the Matrix Details page",
              "timedOut": null,
              "duration": 36121,
              "state": "passed",
              "speed": "slow",
              "pass": true,
              "fail": false,
              "pending": false,
              "context": null,
              "code": "//----Step 1: Invoke browser, launch the RECA application and login with valid credentials--//\n//Launch URL\n//User should be able to login with valid credentials and should land on the Home page\ncy.signIn(lp, hp); //----Step 2: Hover mouse over the Setup Data tab and click on Opportunities link---------//\nif (hp.setUpData().should('be.visible')) {\n  hp.setUpData().invoke('show');\n  cy.wait(1000);\n  sd.matrixLink();\n  cy.wait(1000);\n} //User should be navigated to the Matrix Details page\n\nif (m.matrixTitle().should('be.visible')) //----Step 3: Verify the UI of the page------------------------------------------//\n  //The page should have the following controls:\n  {\n    m.addMatrixBtn().should('be.visible');\n    m.filters().should('be.visible');\n    m.matrixTable().should('be.visible');\n    m.nextBtn().should('be.visible');\n    m.previousBtnDisabled().should('be.visible');\n  } //----Step 6: Click on the Filter checkbox---------------------------------------//\n\nm.filters().click(); //Filters should be activated\nm.matrixNameFilter().should('be.visible');\nm.matrixIDFilter().should('be.visible');\nm.matrixStatusFilter().should('be.visible');\nm.customerFilter().should('be.visible');\nm.motivationFilter().should('be.visible');\nm.lastUpdatedFilter().should('be.visible');\nm.updatedByFilter().should('be.visible');\ncy.wait(2000); //----Step 7: Verify the functionality of the filters by entering partial and full strings against the corresponding filter headers--//\nm.matrixNameFilter().type(testdata.matrix_name_static);\nm.matrixIDFilter().type(testdata.matrix_id_static);\nm.motivationFilter().type(testdata.motivation_static);\nm.matrixStatusFilter().type(testdata.matrix_status_static);\nm.customerFilter().type(testdata.customer_name_static);\nm.lastUpdatedFilter().type(testdata.last_updated_static);\nm.updatedByFilter().type(testdata.updated_by_static); //Filtering of data should happen on entering partial and full strings against the corresponding filter headers\nexpect(m.matrixData().should('contain', testdata.matrix_name_static)); //----Step 8: Uncheck the filter checkbox---------------------------------------//\nm.filters().click(); //Filters should disappear and any applied filter should reset\nm.matrixNameFilter().should('not.exist');\nm.matrixIDFilter().should('not.exist');\nm.matrixStatusFilter().should('not.exist');\nm.customerFilter().should('not.exist');\nm.motivationFilter().should('not.exist');\nm.lastUpdatedFilter().should('not.exist');\nm.updatedByFilter().should('not.exist'); //----Step 9: Verify the Next and Previous button functionality at the footer----//\n//User should be navigated to the Next page on clicking Next button and on Previous page on clicking Previous button\nm.nextBtn().click();\ncy.wait(2000); //Verify if Previous Page button gets enabled\nm.previousBtn().should('be.enabled'); //Click on Previous Page button\nm.previousBtn().click();\ncy.wait(2000); //Verify if Previous Page button gets disabled\nm.previousBtn().should('be.disabled');",
              "err": {},
              "uuid": "d49ee5c5-1e06-45cc-848c-4f74d2d068c7",
              "parentUUID": "cf04848f-4be8-4b67-b08b-89a93d3d72bc",
              "isHook": false,
              "skipped": false
            }
          ],
          "suites": [],
          "passes": [
            "d49ee5c5-1e06-45cc-848c-4f74d2d068c7"
          ],
          "failures": [],
          "pending": [],
          "skipped": [],
          "duration": 36121,
          "root": false,
          "rootEmpty": false,
          "_timeout": 2000
        }
      ],
      "passes": [],
      "failures": [],
      "pending": [],
      "skipped": [],
      "duration": 0,
      "root": true,
      "rootEmpty": true,
      "_timeout": 2000
    }
  ],
  "meta": {
    "mocha": {
      "version": "7.0.1"
    },
    "mochawesome": {
      "options": {
        "quiet": false,
        "reportFilename": "mochawesome",
        "saveHtml": true,
        "saveJson": true,
        "consoleReporter": "spec",
        "useInlineDiffs": false,
        "code": true
      },
      "version": "7.1.3"
    },
    "marge": {
      "options": null,
      "version": "6.2.0"
    }
  }
}